on. 01. okt. 01:38:22 +0200 2025: Lock and suspend script initiated
on. 01. okt. 01:38:23 +0200 2025: Locking screen
on. 01. okt. 01:38:27 +0200 2025: Suspending system
on. 01. okt. 12:44:28 +0200 2025: Lock and suspend script initiated
on. 01. okt. 12:44:29 +0200 2025: Locking screen
on. 01. okt. 12:44:33 +0200 2025: Suspending system
on. 01. okt. 23:42:30 +0200 2025: Lock and suspend script initiated
on. 01. okt. 23:42:31 +0200 2025: Locking screen
on. 01. okt. 23:42:35 +0200 2025: Suspending system
to. 02. okt. 00:46:16 +0200 2025: Lock and suspend script initiated
to. 02. okt. 00:46:17 +0200 2025: Locking screen
to. 02. okt. 00:46:21 +0200 2025: Suspending system
to. 02. okt. 14:13:33 +0200 2025: Lock and suspend script initiated
to. 02. okt. 14:13:34 +0200 2025: Locking screen
to. 02. okt. 14:13:38 +0200 2025: Suspending system
fr. 03. okt. 11:50:19 +0200 2025: Lock and suspend script initiated
fr. 03. okt. 11:50:20 +0200 2025: Locking screen
fr. 03. okt. 11:50:24 +0200 2025: Suspending system
fr. 03. okt. 17:23:19 +0200 2025: Lock and suspend script initiated
fr. 03. okt. 17:23:20 +0200 2025: Locking screen
fr. 03. okt. 17:23:24 +0200 2025: Suspending system
fr. 03. okt. 18:15:22 +0200 2025: Lock and suspend script initiated
fr. 03. okt. 18:15:23 +0200 2025: Locking screen
fr. 03. okt. 18:15:27 +0200 2025: Suspending system
fr. 03. okt. 19:22:33 +0200 2025: Lock and suspend script initiated
fr. 03. okt. 19:22:34 +0200 2025: Locking screen
fr. 03. okt. 19:22:38 +0200 2025: Suspending system
fr. 03. okt. 23:38:29 +0200 2025: Lock and suspend script initiated
fr. 03. okt. 23:38:30 +0200 2025: Locking screen
fr. 03. okt. 23:38:34 +0200 2025: Suspending system
fr. 03. okt. 23:39:25 +0200 2025: Lock and suspend script initiated
fr. 03. okt. 23:39:26 +0200 2025: Locking screen
fr. 03. okt. 23:39:30 +0200 2025: Suspending system
lø. 04. okt. 09:42:30 +0200 2025: Lock and suspend script initiated
lø. 04. okt. 09:42:31 +0200 2025: Locking screen
lø. 04. okt. 09:42:35 +0200 2025: Suspending system
lø. 04. okt. 09:43:26 +0200 2025: Lock and suspend script initiated
lø. 04. okt. 09:43:27 +0200 2025: Locking screen
lø. 04. okt. 09:43:31 +0200 2025: Suspending system
lø. 04. okt. 09:59:57 +0200 2025: Lock and suspend script initiated
lø. 04. okt. 09:59:58 +0200 2025: Locking screen
lø. 04. okt. 10:00:02 +0200 2025: Suspending system
lø. 04. okt. 10:10:54 +0200 2025: Lock and suspend script initiated
lø. 04. okt. 10:10:56 +0200 2025: Locking screen
lø. 04. okt. 10:10:59 +0200 2025: Suspending system
lø. 04. okt. 12:30:33 +0200 2025: Lock and suspend script initiated
lø. 04. okt. 12:30:34 +0200 2025: Locking screen
lø. 04. okt. 12:30:39 +0200 2025: Suspending system
lø. 04. okt. 13:24:06 +0200 2025: Lock and suspend script initiated
lø. 04. okt. 13:24:07 +0200 2025: Locking screen
lø. 04. okt. 13:24:11 +0200 2025: Suspending system
lø. 04. okt. 13:32:24 +0200 2025: Lock and suspend script initiated
lø. 04. okt. 13:32:25 +0200 2025: Locking screen
lø. 04. okt. 13:32:29 +0200 2025: Suspending system
lø. 04. okt. 13:39:14 +0200 2025: Lock and suspend script initiated
lø. 04. okt. 13:39:15 +0200 2025: Locking screen
lø. 04. okt. 13:39:19 +0200 2025: Suspending system
lø. 04. okt. 18:19:30 +0200 2025: Lock and suspend script initiated
lø. 04. okt. 18:19:31 +0200 2025: Locking screen
lø. 04. okt. 18:19:34 +0200 2025: Suspending system
lø. 04. okt. 19:10:59 +0200 2025: Lock and suspend script initiated
lø. 04. okt. 19:11:00 +0200 2025: Locking screen
lø. 04. okt. 19:11:04 +0200 2025: Suspending system
lø. 04. okt. 19:38:12 +0200 2025: Lock and suspend script initiated
lø. 04. okt. 19:38:13 +0200 2025: Locking screen
lø. 04. okt. 19:38:17 +0200 2025: Suspending system
sø. 05. okt. 01:32:32 +0200 2025: Lock and suspend script initiated
sø. 05. okt. 01:32:33 +0200 2025: Locking screen
sø. 05. okt. 01:32:37 +0200 2025: Suspending system
sø. 05. okt. 08:45:46 +0200 2025: Lock and suspend script initiated
sø. 05. okt. 08:45:47 +0200 2025: Locking screen
sø. 05. okt. 08:45:51 +0200 2025: Suspending system
sø. 05. okt. 11:10:54 +0200 2025: Lock and suspend script initiated
sø. 05. okt. 11:10:55 +0200 2025: Locking screen
sø. 05. okt. 11:10:59 +0200 2025: Suspending system
sø. 05. okt. 11:42:20 +0200 2025: Lock and suspend script initiated
sø. 05. okt. 11:42:21 +0200 2025: Locking screen
sø. 05. okt. 11:42:25 +0200 2025: Suspending system
sø. 05. okt. 11:42:39 +0200 2025: Lock and suspend script initiated
sø. 05. okt. 11:42:41 +0200 2025: Locking screen
sø. 05. okt. 11:42:45 +0200 2025: Suspending system
sø. 05. okt. 13:29:10 +0200 2025: Lock and suspend script initiated
sø. 05. okt. 13:29:11 +0200 2025: Locking screen
sø. 05. okt. 13:29:15 +0200 2025: Suspending system
sø. 05. okt. 13:44:53 +0200 2025: Lock and suspend script initiated
sø. 05. okt. 13:44:54 +0200 2025: Locking screen
sø. 05. okt. 13:44:57 +0200 2025: Suspending system
sø. 05. okt. 23:12:08 +0200 2025: Lock and suspend script initiated
sø. 05. okt. 23:12:09 +0200 2025: Locking screen
sø. 05. okt. 23:12:13 +0200 2025: Suspending system
sø. 05. okt. 23:13:24 +0200 2025: Lock and suspend script initiated
sø. 05. okt. 23:13:25 +0200 2025: Locking screen
sø. 05. okt. 23:13:29 +0200 2025: Suspending system
ma. 06. okt. 07:18:20 +0200 2025: Lock and suspend script initiated
ma. 06. okt. 07:18:21 +0200 2025: Locking screen
ma. 06. okt. 07:18:25 +0200 2025: Suspending system
ma. 06. okt. 12:03:20 +0200 2025: Lock and suspend script initiated
ma. 06. okt. 12:03:21 +0200 2025: Locking screen
ma. 06. okt. 12:03:24 +0200 2025: Suspending system
ma. 06. okt. 13:59:04 +0200 2025: Lock and suspend script initiated
ma. 06. okt. 13:59:05 +0200 2025: Locking screen
ma. 06. okt. 13:59:09 +0200 2025: Suspending system
ma. 06. okt. 14:00:03 +0200 2025: Lock and suspend script initiated
ma. 06. okt. 14:00:04 +0200 2025: Locking screen
ma. 06. okt. 14:00:08 +0200 2025: Suspending system
ma. 06. okt. 16:33:37 +0200 2025: Lock and suspend script initiated
ma. 06. okt. 16:33:38 +0200 2025: Locking screen
ma. 06. okt. 16:33:42 +0200 2025: Suspending system
ma. 06. okt. 16:45:52 +0200 2025: Lock and suspend script initiated
ma. 06. okt. 16:45:53 +0200 2025: Locking screen
ma. 06. okt. 16:45:57 +0200 2025: Suspending system
ma. 06. okt. 19:06:40 +0200 2025: Lock and suspend script initiated
ma. 06. okt. 19:06:41 +0200 2025: Locking screen
ma. 06. okt. 19:06:45 +0200 2025: Suspending system
ma. 06. okt. 21:05:21 +0200 2025: Lock and suspend script initiated
ma. 06. okt. 21:05:22 +0200 2025: Locking screen
ma. 06. okt. 21:05:25 +0200 2025: Suspending system
ma. 06. okt. 22:28:01 +0200 2025: Lock and suspend script initiated
ma. 06. okt. 22:28:02 +0200 2025: Locking screen
ma. 06. okt. 22:28:06 +0200 2025: Suspending system
ti. 07. okt. 00:39:07 +0200 2025: Lock and suspend script initiated
ti. 07. okt. 00:39:08 +0200 2025: Locking screen
ti. 07. okt. 00:39:12 +0200 2025: Suspending system
ti. 07. okt. 10:32:48 +0200 2025: Lock and suspend script initiated
ti. 07. okt. 10:32:49 +0200 2025: Locking screen
ti. 07. okt. 10:32:53 +0200 2025: Suspending system
ti. 07. okt. 15:21:48 +0200 2025: Lock and suspend script initiated
ti. 07. okt. 15:21:49 +0200 2025: Locking screen
ti. 07. okt. 15:21:53 +0200 2025: Suspending system
ti. 07. okt. 16:48:07 +0200 2025: Lock and suspend script initiated
ti. 07. okt. 16:48:08 +0200 2025: Locking screen
ti. 07. okt. 16:48:12 +0200 2025: Suspending system
ti. 07. okt. 17:34:46 +0200 2025: Lock and suspend script initiated
ti. 07. okt. 17:34:47 +0200 2025: Locking screen
ti. 07. okt. 17:34:51 +0200 2025: Suspending system
ti. 07. okt. 19:05:29 +0200 2025: Lock and suspend script initiated
ti. 07. okt. 19:05:30 +0200 2025: Locking screen
ti. 07. okt. 19:05:34 +0200 2025: Suspending system
ti. 07. okt. 23:53:07 +0200 2025: Lock and suspend script initiated
ti. 07. okt. 23:53:08 +0200 2025: Locking screen
ti. 07. okt. 23:53:12 +0200 2025: Suspending system
ti. 07. okt. 23:54:45 +0200 2025: Lock and suspend script initiated
ti. 07. okt. 23:54:46 +0200 2025: Locking screen
ti. 07. okt. 23:54:50 +0200 2025: Suspending system
on. 08. okt. 15:19:50 +0200 2025: Lock and suspend script initiated
on. 08. okt. 15:19:52 +0200 2025: Locking screen
on. 08. okt. 15:19:55 +0200 2025: Suspending system
on. 08. okt. 15:47:20 +0200 2025: Lock and suspend script initiated
on. 08. okt. 15:47:21 +0200 2025: Locking screen
on. 08. okt. 15:47:25 +0200 2025: Suspending system
on. 08. okt. 15:47:44 +0200 2025: Lock and suspend script initiated
on. 08. okt. 15:47:45 +0200 2025: Locking screen
on. 08. okt. 15:47:49 +0200 2025: Suspending system
on. 08. okt. 18:55:39 +0200 2025: Lock and suspend script initiated
on. 08. okt. 18:55:40 +0200 2025: Locking screen
on. 08. okt. 18:55:44 +0200 2025: Suspending system
on. 08. okt. 20:18:44 +0200 2025: Lock and suspend script initiated
on. 08. okt. 20:18:45 +0200 2025: Locking screen
on. 08. okt. 20:18:49 +0200 2025: Suspending system
on. 08. okt. 20:31:52 +0200 2025: Lock and suspend script initiated
on. 08. okt. 20:31:53 +0200 2025: Locking screen
on. 08. okt. 20:31:57 +0200 2025: Suspending system
on. 08. okt. 23:50:16 +0200 2025: Lock and suspend script initiated
on. 08. okt. 23:50:17 +0200 2025: Locking screen
on. 08. okt. 23:50:21 +0200 2025: Suspending system
to. 09. okt. 11:09:26 +0200 2025: Lock and suspend script initiated
to. 09. okt. 11:09:27 +0200 2025: Locking screen
to. 09. okt. 11:09:30 +0200 2025: Suspending system
to. 09. okt. 12:00:59 +0200 2025: Lock and suspend script initiated
to. 09. okt. 12:01:01 +0200 2025: Locking screen
to. 09. okt. 12:01:04 +0200 2025: Suspending system
to. 09. okt. 15:29:10 +0200 2025: Lock and suspend script initiated
to. 09. okt. 15:29:11 +0200 2025: Locking screen
to. 09. okt. 15:38:31 +0200 2025: Suspending system
to. 09. okt. 16:06:14 +0200 2025: Lock and suspend script initiated
to. 09. okt. 16:06:15 +0200 2025: Locking screen
to. 09. okt. 16:06:18 +0200 2025: Suspending system
to. 09. okt. 17:43:22 +0200 2025: Lock and suspend script initiated
to. 09. okt. 17:43:23 +0200 2025: Locking screen
to. 09. okt. 17:43:27 +0200 2025: Suspending system
to. 09. okt. 19:05:33 +0200 2025: Lock and suspend script initiated
to. 09. okt. 19:05:34 +0200 2025: Locking screen
to. 09. okt. 19:05:38 +0200 2025: Suspending system
to. 09. okt. 20:41:06 +0200 2025: Lock and suspend script initiated
to. 09. okt. 20:41:07 +0200 2025: Locking screen
to. 09. okt. 20:41:11 +0200 2025: Suspending system
to. 09. okt. 23:56:41 +0200 2025: Lock and suspend script initiated
to. 09. okt. 23:56:42 +0200 2025: Locking screen
to. 09. okt. 23:56:46 +0200 2025: Suspending system
fr. 10. okt. 07:07:55 +0200 2025: Lock and suspend script initiated
fr. 10. okt. 07:07:56 +0200 2025: Locking screen
fr. 10. okt. 07:08:00 +0200 2025: Suspending system
fr. 10. okt. 12:17:02 +0200 2025: Lock and suspend script initiated
fr. 10. okt. 12:17:03 +0200 2025: Locking screen
fr. 10. okt. 12:17:07 +0200 2025: Suspending system
fr. 10. okt. 14:27:46 +0200 2025: Lock and suspend script initiated
fr. 10. okt. 14:27:47 +0200 2025: Locking screen
fr. 10. okt. 14:27:51 +0200 2025: Suspending system
fr. 10. okt. 14:29:58 +0200 2025: Lock and suspend script initiated
fr. 10. okt. 14:29:59 +0200 2025: Locking screen
fr. 10. okt. 14:30:03 +0200 2025: Suspending system
lø. 11. okt. 15:45:31 +0200 2025: Lock and suspend script initiated
lø. 11. okt. 15:45:32 +0200 2025: Locking screen
lø. 11. okt. 15:45:36 +0200 2025: Suspending system
lø. 11. okt. 18:27:16 +0200 2025: Lock and suspend script initiated
lø. 11. okt. 18:27:17 +0200 2025: Locking screen
lø. 11. okt. 18:27:21 +0200 2025: Suspending system
sø. 12. okt. 00:17:29 +0200 2025: Lock and suspend script initiated
sø. 12. okt. 00:17:30 +0200 2025: Locking screen
sø. 12. okt. 00:17:34 +0200 2025: Suspending system
sø. 12. okt. 00:28:02 +0200 2025: Lock and suspend script initiated
sø. 12. okt. 00:28:03 +0200 2025: Locking screen
sø. 12. okt. 00:28:07 +0200 2025: Suspending system
sø. 12. okt. 00:29:33 +0200 2025: Lock and suspend script initiated
sø. 12. okt. 00:29:34 +0200 2025: Locking screen
sø. 12. okt. 00:29:38 +0200 2025: Suspending system
sø. 12. okt. 23:24:44 +0200 2025: Lock and suspend script initiated
sø. 12. okt. 23:24:45 +0200 2025: Locking screen
sø. 12. okt. 23:24:49 +0200 2025: Suspending system
sø. 12. okt. 23:25:44 +0200 2025: Lock and suspend script initiated
sø. 12. okt. 23:25:45 +0200 2025: Locking screen
sø. 12. okt. 23:25:49 +0200 2025: Suspending system
ma. 13. okt. 13:16:05 +0200 2025: Lock and suspend script initiated
ma. 13. okt. 13:16:06 +0200 2025: Locking screen
ma. 13. okt. 13:16:10 +0200 2025: Suspending system
ma. 13. okt. 13:17:10 +0200 2025: Lock and suspend script initiated
ma. 13. okt. 13:17:11 +0200 2025: Locking screen
ma. 13. okt. 13:17:15 +0200 2025: Suspending system
ma. 13. okt. 17:05:27 +0200 2025: Lock and suspend script initiated
ma. 13. okt. 17:05:28 +0200 2025: Locking screen
ma. 13. okt. 17:05:32 +0200 2025: Suspending system
ma. 13. okt. 23:31:15 +0200 2025: Lock and suspend script initiated
ma. 13. okt. 23:31:16 +0200 2025: Locking screen
ma. 13. okt. 23:31:20 +0200 2025: Suspending system
ti. 14. okt. 11:40:42 +0200 2025: Lock and suspend script initiated
ti. 14. okt. 11:40:43 +0200 2025: Locking screen
ti. 14. okt. 11:40:47 +0200 2025: Suspending system
ti. 14. okt. 14:39:22 +0200 2025: Lock and suspend script initiated
ti. 14. okt. 14:39:23 +0200 2025: Locking screen
ti. 14. okt. 14:39:27 +0200 2025: Suspending system
ti. 14. okt. 18:56:18 +0200 2025: Lock and suspend script initiated
ti. 14. okt. 18:56:19 +0200 2025: Locking screen
ti. 14. okt. 18:56:23 +0200 2025: Suspending system
ti. 14. okt. 20:49:35 +0200 2025: Lock and suspend script initiated
ti. 14. okt. 20:49:36 +0200 2025: Locking screen
ti. 14. okt. 20:49:40 +0200 2025: Suspending system
on. 15. okt. 00:58:27 +0200 2025: Lock and suspend script initiated
on. 15. okt. 00:58:28 +0200 2025: Locking screen
on. 15. okt. 00:58:32 +0200 2025: Suspending system
on. 15. okt. 00:59:32 +0200 2025: Lock and suspend script initiated
on. 15. okt. 00:59:33 +0200 2025: Locking screen
on. 15. okt. 00:59:37 +0200 2025: Suspending system
on. 15. okt. 07:50:31 +0200 2025: Lock and suspend script initiated
on. 15. okt. 07:50:32 +0200 2025: Locking screen
on. 15. okt. 07:50:36 +0200 2025: Suspending system
on. 15. okt. 15:05:43 +0200 2025: Lock and suspend script initiated
on. 15. okt. 15:05:44 +0200 2025: Locking screen
on. 15. okt. 15:05:48 +0200 2025: Suspending system
on. 15. okt. 18:51:26 +0200 2025: Lock and suspend script initiated
on. 15. okt. 18:51:27 +0200 2025: Locking screen
on. 15. okt. 18:51:31 +0200 2025: Suspending system
on. 15. okt. 19:51:49 +0200 2025: Lock and suspend script initiated
on. 15. okt. 19:51:50 +0200 2025: Locking screen
on. 15. okt. 19:51:54 +0200 2025: Suspending system
on. 15. okt. 23:21:43 +0200 2025: Lock and suspend script initiated
on. 15. okt. 23:21:44 +0200 2025: Locking screen
on. 15. okt. 23:21:48 +0200 2025: Suspending system
to. 16. okt. 08:29:58 +0200 2025: Lock and suspend script initiated
to. 16. okt. 08:29:59 +0200 2025: Locking screen
to. 16. okt. 08:30:03 +0200 2025: Suspending system
to. 16. okt. 12:18:15 +0200 2025: Lock and suspend script initiated
to. 16. okt. 12:18:16 +0200 2025: Locking screen
to. 16. okt. 12:18:20 +0200 2025: Suspending system
to. 16. okt. 12:19:43 +0200 2025: Lock and suspend script initiated
to. 16. okt. 12:19:44 +0200 2025: Locking screen
to. 16. okt. 12:19:48 +0200 2025: Suspending system
to. 16. okt. 19:36:22 +0200 2025: Lock and suspend script initiated
to. 16. okt. 19:36:23 +0200 2025: Locking screen
to. 16. okt. 19:36:27 +0200 2025: Suspending system
fr. 17. okt. 00:46:37 +0200 2025: Lock and suspend script initiated
fr. 17. okt. 00:46:38 +0200 2025: Locking screen
fr. 17. okt. 00:46:42 +0200 2025: Suspending system
fr. 17. okt. 13:39:36 +0200 2025: Lock and suspend script initiated
fr. 17. okt. 13:39:37 +0200 2025: Locking screen
fr. 17. okt. 13:39:41 +0200 2025: Suspending system
fr. 17. okt. 14:34:48 +0200 2025: Lock and suspend script initiated
fr. 17. okt. 14:34:49 +0200 2025: Locking screen
fr. 17. okt. 14:34:53 +0200 2025: Suspending system
fr. 17. okt. 15:55:24 +0200 2025: Lock and suspend script initiated
fr. 17. okt. 15:55:25 +0200 2025: Locking screen
fr. 17. okt. 15:55:29 +0200 2025: Suspending system
fr. 17. okt. 15:56:24 +0200 2025: Lock and suspend script initiated
fr. 17. okt. 15:56:25 +0200 2025: Locking screen
fr. 17. okt. 15:56:29 +0200 2025: Suspending system
lø. 18. okt. 19:24:46 +0200 2025: Lock and suspend script initiated
lø. 18. okt. 19:24:47 +0200 2025: Locking screen
lø. 18. okt. 19:24:51 +0200 2025: Suspending system
sø. 19. okt. 00:02:40 +0200 2025: Lock and suspend script initiated
sø. 19. okt. 00:02:41 +0200 2025: Locking screen
sø. 19. okt. 00:02:45 +0200 2025: Suspending system
sø. 19. okt. 16:42:19 +0200 2025: Lock and suspend script initiated
sø. 19. okt. 16:42:20 +0200 2025: Locking screen
sø. 19. okt. 16:42:24 +0200 2025: Suspending system
sø. 19. okt. 19:31:15 +0200 2025: Lock and suspend script initiated
sø. 19. okt. 19:31:16 +0200 2025: Locking screen
sø. 19. okt. 19:31:20 +0200 2025: Suspending system
sø. 19. okt. 23:05:55 +0200 2025: Lock and suspend script initiated
sø. 19. okt. 23:05:56 +0200 2025: Locking screen
sø. 19. okt. 23:06:00 +0200 2025: Suspending system
ma. 20. okt. 08:34:55 +0200 2025: Lock and suspend script initiated
ma. 20. okt. 08:34:56 +0200 2025: Locking screen
ma. 20. okt. 08:35:00 +0200 2025: Suspending system
ma. 20. okt. 10:23:18 +0200 2025: Lock and suspend script initiated
ma. 20. okt. 10:23:19 +0200 2025: Locking screen
ma. 20. okt. 10:23:23 +0200 2025: Suspending system
ma. 20. okt. 12:38:21 +0200 2025: Lock and suspend script initiated
ma. 20. okt. 12:38:22 +0200 2025: Locking screen
ma. 20. okt. 12:38:26 +0200 2025: Suspending system
ma. 20. okt. 16:10:35 +0200 2025: Lock and suspend script initiated
ma. 20. okt. 16:10:36 +0200 2025: Locking screen
ma. 20. okt. 16:10:39 +0200 2025: Suspending system
ti. 21. okt. 15:14:00 +0200 2025: Lock and suspend script initiated
ti. 21. okt. 15:14:01 +0200 2025: Locking screen
ti. 21. okt. 15:14:05 +0200 2025: Suspending system
ti. 21. okt. 19:42:25 +0200 2025: Lock and suspend script initiated
ti. 21. okt. 19:42:26 +0200 2025: Locking screen
ti. 21. okt. 19:42:30 +0200 2025: Suspending system
ti. 21. okt. 19:43:35 +0200 2025: Lock and suspend script initiated
ti. 21. okt. 19:43:36 +0200 2025: Locking screen
ti. 21. okt. 19:43:40 +0200 2025: Suspending system
ti. 21. okt. 22:36:18 +0200 2025: Lock and suspend script initiated
ti. 21. okt. 22:36:19 +0200 2025: Locking screen
ti. 21. okt. 22:36:23 +0200 2025: Suspending system
ti. 21. okt. 22:54:28 +0200 2025: Lock and suspend script initiated
ti. 21. okt. 22:54:29 +0200 2025: Locking screen
ti. 21. okt. 22:54:33 +0200 2025: Suspending system
on. 22. okt. 00:58:11 +0200 2025: Lock and suspend script initiated
on. 22. okt. 00:58:12 +0200 2025: Locking screen
on. 22. okt. 00:58:16 +0200 2025: Suspending system
on. 22. okt. 01:15:51 +0200 2025: Lock and suspend script initiated
on. 22. okt. 01:15:52 +0200 2025: Locking screen
on. 22. okt. 01:15:56 +0200 2025: Suspending system
on. 22. okt. 09:47:44 +0200 2025: Lock and suspend script initiated
on. 22. okt. 09:47:45 +0200 2025: Locking screen
on. 22. okt. 09:47:49 +0200 2025: Suspending system
on. 22. okt. 14:51:56 +0200 2025: Lock and suspend script initiated
on. 22. okt. 14:51:57 +0200 2025: Locking screen
on. 22. okt. 14:52:01 +0200 2025: Suspending system
on. 22. okt. 17:37:34 +0200 2025: Lock and suspend script initiated
on. 22. okt. 17:37:35 +0200 2025: Locking screen
on. 22. okt. 17:37:39 +0200 2025: Suspending system
on. 22. okt. 20:24:44 +0200 2025: Lock and suspend script initiated
on. 22. okt. 20:24:45 +0200 2025: Locking screen
on. 22. okt. 20:24:49 +0200 2025: Suspending system
to. 23. okt. 00:26:09 +0200 2025: Lock and suspend script initiated
to. 23. okt. 00:26:10 +0200 2025: Locking screen
to. 23. okt. 00:26:14 +0200 2025: Suspending system
to. 23. okt. 00:27:12 +0200 2025: Lock and suspend script initiated
to. 23. okt. 00:27:13 +0200 2025: Locking screen
to. 23. okt. 00:27:17 +0200 2025: Suspending system
to. 23. okt. 12:47:31 +0200 2025: Lock and suspend script initiated
to. 23. okt. 12:47:32 +0200 2025: Locking screen
to. 23. okt. 12:47:36 +0200 2025: Suspending system
to. 23. okt. 13:29:41 +0200 2025: Lock and suspend script initiated
to. 23. okt. 13:29:42 +0200 2025: Locking screen
to. 23. okt. 13:29:46 +0200 2025: Suspending system
to. 23. okt. 15:56:02 +0200 2025: Lock and suspend script initiated
to. 23. okt. 15:56:03 +0200 2025: Locking screen
to. 23. okt. 15:56:07 +0200 2025: Suspending system
to. 23. okt. 19:04:10 +0200 2025: Lock and suspend script initiated
to. 23. okt. 19:04:11 +0200 2025: Locking screen
to. 23. okt. 19:04:15 +0200 2025: Suspending system
to. 23. okt. 20:45:47 +0200 2025: Lock and suspend script initiated
to. 23. okt. 20:45:49 +0200 2025: Locking screen
to. 23. okt. 20:45:52 +0200 2025: Suspending system
fr. 24. okt. 00:03:46 +0200 2025: Lock and suspend script initiated
fr. 24. okt. 00:03:47 +0200 2025: Locking screen
fr. 24. okt. 00:03:51 +0200 2025: Suspending system
fr. 24. okt. 21:38:15 +0200 2025: Lock and suspend script initiated
fr. 24. okt. 21:38:16 +0200 2025: Locking screen
fr. 24. okt. 21:38:20 +0200 2025: Suspending system
fr. 24. okt. 23:39:37 +0200 2025: Lock and suspend script initiated
fr. 24. okt. 23:39:38 +0200 2025: Locking screen
fr. 24. okt. 23:39:42 +0200 2025: Suspending system
lø. 25. okt. 00:39:17 +0200 2025: Lock and suspend script initiated
lø. 25. okt. 00:39:18 +0200 2025: Locking screen
lø. 25. okt. 00:39:22 +0200 2025: Suspending system
sø. 26. okt. 08:58:57 +0100 2025: Lock and suspend script initiated
sø. 26. okt. 08:58:58 +0100 2025: Locking screen
sø. 26. okt. 08:59:02 +0100 2025: Suspending system
sø. 26. okt. 11:55:01 +0100 2025: Lock and suspend script initiated
sø. 26. okt. 11:55:02 +0100 2025: Locking screen
sø. 26. okt. 11:55:06 +0100 2025: Suspending system
sø. 26. okt. 15:10:58 +0100 2025: Lock and suspend script initiated
sø. 26. okt. 15:10:59 +0100 2025: Locking screen
sø. 26. okt. 15:11:03 +0100 2025: Suspending system
sø. 26. okt. 15:28:12 +0100 2025: Lock and suspend script initiated
sø. 26. okt. 15:28:13 +0100 2025: Locking screen
sø. 26. okt. 15:28:17 +0100 2025: Suspending system
sø. 26. okt. 16:53:15 +0100 2025: Lock and suspend script initiated
sø. 26. okt. 16:53:16 +0100 2025: Locking screen
sø. 26. okt. 16:53:20 +0100 2025: Suspending system
ma. 27. okt. 10:05:02 +0100 2025: Lock and suspend script initiated
ma. 27. okt. 10:05:03 +0100 2025: Locking screen
ma. 27. okt. 10:05:07 +0100 2025: Suspending system
ma. 27. okt. 10:57:58 +0100 2025: Lock and suspend script initiated
ma. 27. okt. 10:57:59 +0100 2025: Locking screen
ma. 27. okt. 10:58:03 +0100 2025: Suspending system
ma. 27. okt. 13:39:17 +0100 2025: Lock and suspend script initiated
ma. 27. okt. 13:39:18 +0100 2025: Locking screen
ma. 27. okt. 13:46:11 +0100 2025: Suspending system
ma. 27. okt. 13:55:25 +0100 2025: Lock and suspend script initiated
ma. 27. okt. 13:55:26 +0100 2025: Locking screen
ma. 27. okt. 13:55:30 +0100 2025: Suspending system
ma. 27. okt. 19:53:02 +0100 2025: Lock and suspend script initiated
ma. 27. okt. 19:53:03 +0100 2025: Locking screen
ma. 27. okt. 19:53:07 +0100 2025: Suspending system
ma. 27. okt. 23:17:16 +0100 2025: Lock and suspend script initiated
ma. 27. okt. 23:17:17 +0100 2025: Locking screen
ma. 27. okt. 23:17:21 +0100 2025: Suspending system
ti. 28. okt. 13:11:31 +0100 2025: Lock and suspend script initiated
ti. 28. okt. 13:11:33 +0100 2025: Locking screen
ti. 28. okt. 13:11:37 +0100 2025: Suspending system
ti. 28. okt. 15:39:24 +0100 2025: Lock and suspend script initiated
ti. 28. okt. 15:39:25 +0100 2025: Locking screen
ti. 28. okt. 15:39:29 +0100 2025: Suspending system
ti. 28. okt. 17:58:18 +0100 2025: Lock and suspend script initiated
ti. 28. okt. 17:58:19 +0100 2025: Locking screen
ti. 28. okt. 17:58:23 +0100 2025: Suspending system
ti. 28. okt. 18:32:21 +0100 2025: Lock and suspend script initiated
ti. 28. okt. 18:32:22 +0100 2025: Locking screen
ti. 28. okt. 18:32:26 +0100 2025: Suspending system
ti. 28. okt. 23:37:34 +0100 2025: Lock and suspend script initiated
ti. 28. okt. 23:37:35 +0100 2025: Locking screen
ti. 28. okt. 23:37:39 +0100 2025: Suspending system
on. 29. okt. 08:04:15 +0100 2025: Lock and suspend script initiated
on. 29. okt. 08:04:16 +0100 2025: Locking screen
on. 29. okt. 08:04:20 +0100 2025: Suspending system
on. 29. okt. 09:52:59 +0100 2025: Lock and suspend script initiated
on. 29. okt. 09:53:00 +0100 2025: Locking screen
on. 29. okt. 09:53:04 +0100 2025: Suspending system
on. 29. okt. 10:25:21 +0100 2025: Lock and suspend script initiated
on. 29. okt. 10:25:22 +0100 2025: Locking screen
on. 29. okt. 10:25:26 +0100 2025: Suspending system
on. 29. okt. 11:42:36 +0100 2025: Lock and suspend script initiated
on. 29. okt. 11:42:37 +0100 2025: Locking screen
on. 29. okt. 11:42:41 +0100 2025: Suspending system
on. 29. okt. 18:02:38 +0100 2025: Lock and suspend script initiated
on. 29. okt. 18:02:40 +0100 2025: Locking screen
on. 29. okt. 18:02:44 +0100 2025: Suspending system
on. 29. okt. 18:04:47 +0100 2025: Lock and suspend script initiated
on. 29. okt. 18:04:48 +0100 2025: Locking screen
on. 29. okt. 18:04:52 +0100 2025: Suspending system
to. 30. okt. 15:11:45 +0100 2025: Lock and suspend script initiated
to. 30. okt. 15:11:46 +0100 2025: Locking screen
to. 30. okt. 15:11:50 +0100 2025: Suspending system
to. 30. okt. 15:17:23 +0100 2025: Lock and suspend script initiated
to. 30. okt. 15:17:24 +0100 2025: Locking screen
to. 30. okt. 15:17:29 +0100 2025: Suspending system
to. 30. okt. 19:02:27 +0100 2025: Lock and suspend script initiated
to. 30. okt. 19:02:28 +0100 2025: Locking screen
to. 30. okt. 19:02:32 +0100 2025: Suspending system
to. 30. okt. 22:55:10 +0100 2025: Lock and suspend script initiated
to. 30. okt. 22:55:11 +0100 2025: Locking screen
to. 30. okt. 22:55:15 +0100 2025: Suspending system
to. 30. okt. 22:59:44 +0100 2025: Lock and suspend script initiated
to. 30. okt. 22:59:45 +0100 2025: Locking screen
to. 30. okt. 22:59:49 +0100 2025: Suspending system
fr. 31. okt. 12:47:52 +0100 2025: Lock and suspend script initiated
fr. 31. okt. 12:47:53 +0100 2025: Locking screen
fr. 31. okt. 12:47:57 +0100 2025: Suspending system
fr. 31. okt. 12:48:50 +0100 2025: Lock and suspend script initiated
fr. 31. okt. 12:48:51 +0100 2025: Locking screen
fr. 31. okt. 12:48:55 +0100 2025: Suspending system
fr. 31. okt. 12:49:56 +0100 2025: Lock and suspend script initiated
fr. 31. okt. 12:49:57 +0100 2025: Locking screen
fr. 31. okt. 12:50:01 +0100 2025: Suspending system
fr. 31. okt. 14:14:51 +0100 2025: Lock and suspend script initiated
fr. 31. okt. 14:14:52 +0100 2025: Locking screen
fr. 31. okt. 14:14:56 +0100 2025: Suspending system
fr. 31. okt. 14:16:08 +0100 2025: Lock and suspend script initiated
fr. 31. okt. 14:16:09 +0100 2025: Locking screen
fr. 31. okt. 14:16:13 +0100 2025: Suspending system
fr. 31. okt. 20:35:43 +0100 2025: Lock and suspend script initiated
fr. 31. okt. 20:35:45 +0100 2025: Locking screen
fr. 31. okt. 20:35:49 +0100 2025: Suspending system
fr. 31. okt. 21:37:02 +0100 2025: Lock and suspend script initiated
fr. 31. okt. 21:37:03 +0100 2025: Locking screen
fr. 31. okt. 21:37:07 +0100 2025: Suspending system
lø. 01. nov. 00:47:04 +0100 2025: Lock and suspend script initiated
lø. 01. nov. 00:47:05 +0100 2025: Locking screen
lø. 01. nov. 00:47:10 +0100 2025: Suspending system
lø. 01. nov. 11:11:06 +0100 2025: Lock and suspend script initiated
lø. 01. nov. 11:11:07 +0100 2025: Locking screen
lø. 01. nov. 11:11:11 +0100 2025: Suspending system
lø. 01. nov. 15:55:58 +0100 2025: Lock and suspend script initiated
lø. 01. nov. 15:55:59 +0100 2025: Locking screen
lø. 01. nov. 15:56:03 +0100 2025: Suspending system
sø. 02. nov. 01:48:37 +0100 2025: Lock and suspend script initiated
sø. 02. nov. 01:48:38 +0100 2025: Locking screen
sø. 02. nov. 01:48:42 +0100 2025: Suspending system
sø. 02. nov. 23:30:54 +0100 2025: Lock and suspend script initiated
sø. 02. nov. 23:30:55 +0100 2025: Locking screen
sø. 02. nov. 23:30:59 +0100 2025: Suspending system
ma. 03. nov. 11:22:33 +0100 2025: Lock and suspend script initiated
ma. 03. nov. 11:22:34 +0100 2025: Locking screen
ma. 03. nov. 11:22:39 +0100 2025: Suspending system
ma. 03. nov. 12:15:26 +0100 2025: Lock and suspend script initiated
ma. 03. nov. 12:15:27 +0100 2025: Locking screen
ma. 03. nov. 12:15:32 +0100 2025: Suspending system
ma. 03. nov. 14:10:40 +0100 2025: Lock and suspend script initiated
ma. 03. nov. 14:10:41 +0100 2025: Locking screen
ma. 03. nov. 14:10:45 +0100 2025: Suspending system
ma. 03. nov. 14:39:34 +0100 2025: Lock and suspend script initiated
ma. 03. nov. 14:39:35 +0100 2025: Locking screen
ma. 03. nov. 14:39:39 +0100 2025: Suspending system
ma. 03. nov. 15:41:08 +0100 2025: Lock and suspend script initiated
ma. 03. nov. 15:41:09 +0100 2025: Locking screen
ma. 03. nov. 15:41:14 +0100 2025: Suspending system
